<?xml version="1.0" encoding="UTF-8"?>
<!-- Generated by org.testng.reporters.JUnitXMLReporter -->
<testsuite hostname="mohammedathera" ignored="0" name="Mercury App Test" tests="3" failures="2" timestamp="2020-06-14T19:10:13 IST" time="31.992" errors="0">
  <testcase name="loginTest" time="5.514" classname="testCases.TC_Login_001">
    <failure type="java.lang.AssertionError" message="did not expect to find [true] but found [false]">
      <![CDATA[java.lang.AssertionError: did not expect to find [true] but found [false]
at testCases.TC_Login_001.loginTest(TC_Login_001.java:32)
at java.util.ArrayList.forEach(ArrayList.java:1257)
... Removed 31 stack frames]]>
    </failure>
  </testcase> <!-- loginTest -->
  <testcase name="registrationTest" time="0.0" classname="testCases.TC_RegisterDDT_002">
    <skipped/>
  </testcase> <!-- registrationTest -->
  <testcase name="reservation" time="5.421" classname="testCases.TC_FlightTicket_003">
    <failure type="java.lang.AssertionError" message="did not expect to find [true] but found [false]">
      <![CDATA[java.lang.AssertionError: did not expect to find [true] but found [false]
at testCases.TC_FlightTicket_003.reservation(TC_FlightTicket_003.java:33)
at java.util.ArrayList.forEach(ArrayList.java:1257)
... Removed 31 stack frames]]>
    </failure>
  </testcase> <!-- reservation -->
</testsuite> <!-- Mercury App Test -->
