<!DOCTYPE html PUBLIC "-//W3C//DTD XHTML 1.1//EN" "http://www.w3.org/TR/xhtml11/DTD/xhtml11.dtd">
<html xmlns="http://www.w3.org/1999/xhtml">
<head>
<meta http-equiv="content-type" content="text/html; charset=UTF-8"/>
<title>TestNG Report</title>
<style type="text/css">table {margin-bottom:10px;border-collapse:collapse;empty-cells:show}th,td {border:1px solid #009;padding:.25em .5em}th {vertical-align:bottom}td {vertical-align:top}table a {font-weight:bold}.stripe td {background-color: #E6EBF9}.num {text-align:right}.passedodd td {background-color: #3F3}.passedeven td {background-color: #0A0}.skippedodd td {background-color: #DDD}.skippedeven td {background-color: #CCC}.failedodd td,.attn {background-color: #F33}.failedeven td,.stripe .attn {background-color: #D00}.stacktrace {white-space:pre;font-family:monospace}.totop {font-size:85%;text-align:center;border-bottom:2px solid #000}.invisible {display:none}</style>
</head>
<body>
<table>
<tr><th>Test</th><th># Passed</th><th># Skipped</th><th># Failed</th><th>Time (ms)</th><th>Included Groups</th><th>Excluded Groups</th></tr>
<tr><th colspan="7">Suite</th></tr>
<tr><td><a href="#t0">Test</a></td><td class="num">0</td><td class="num attn">1</td><td class="num">0</td><td class="num">1,451</td><td></td><td></td></tr>
</table>
<table id='summary'><thead><tr><th>Class</th><th>Method</th><th>Start</th><th>Time (ms)</th></tr></thead><tbody><tr><th colspan="4">Suite</th></tr></tbody><tbody id="t0"><tr><th colspan="4">Test &#8212; failed (configuration methods)</th></tr><tr class="failedeven"><td rowspan="1">Test_Scripts.Calculator_testcase</td><td><a href="#m0">setup</a></td><td rowspan="1">1590708971016</td><td rowspan="1">1410</td></tr><tr><th colspan="4">Test &#8212; skipped (configuration methods)</th></tr><tr class="skippedeven"><td rowspan="1">Test_Scripts.Calculator_testcase</td><td><a href="#m1">appclose</a></td><td rowspan="1">1590708972440</td><td rowspan="1">0</td></tr><tr><th colspan="4">Test &#8212; skipped</th></tr><tr class="skippedeven"><td rowspan="1">Test_Scripts.Calculator_testcase</td><td><a href="#m2">sum</a></td><td rowspan="1">1590708972434</td><td rowspan="1">0</td></tr></tbody>
</table>
<h2>Test</h2><h3 id="m0">Test_Scripts.Calculator_testcase#setup</h3><table class="result"><tr><th>Exception</th></tr><tr><td><div class="stacktrace">org.openqa.selenium.SessionNotCreatedException: Unable to create a new remote session. Please check the server log for more details. Original error: An unknown server-side error occurred while processing the command. Original error: Could not find &apos;adb&apos; in [&quot;/home/mohammedathera/Android/sdk/platform-tools/platform-tools/adb&quot;,&quot;/home/mohammedathera/Android/sdk/platform-tools/emulator/adb&quot;,&quot;/home/mohammedathera/Android/sdk/platform-tools/tools/adb&quot;,&quot;/home/mohammedathera/Android/sdk/platform-tools/tools/bin/adb&quot;]. Do you have Android Build Tools installed at &apos;/home/mohammedathera/Android/sdk/platform-tools&apos;?
Build info: version: &apos;3.141.59&apos;, revision: &apos;e82be7d358&apos;, time: &apos;2018-11-14T08:17:03&apos;
System info: host: &apos;mohammedathera&apos;, ip: &apos;127.0.1.1&apos;, os.name: &apos;Linux&apos;, os.arch: &apos;amd64&apos;, os.version: &apos;5.2.17-1rodete3-amd64&apos;, java.version: &apos;1.8.0_232&apos;
Driver info: driver.version: AppiumDriver
remote stacktrace: UnknownError: An unknown server-side error occurred while processing the command. Original error: Could not find &apos;adb&apos; in [&quot;/home/mohammedathera/Android/sdk/platform-tools/platform-tools/adb&quot;,&quot;/home/mohammedathera/Android/sdk/platform-tools/emulator/adb&quot;,&quot;/home/mohammedathera/Android/sdk/platform-tools/tools/adb&quot;,&quot;/home/mohammedathera/Android/sdk/platform-tools/tools/bin/adb&quot;]. Do you have Android Build Tools installed at &apos;/home/mohammedathera/Android/sdk/platform-tools&apos;?
    at getResponseForW3CError (/home/mohammedathera/.npm-packages/lib/node_modules/appium/node_modules/appium-base-driver/lib/protocol/errors.js:804:9)
    at asyncHandler (/home/mohammedathera/.npm-packages/lib/node_modules/appium/node_modules/appium-base-driver/lib/protocol/protocol.js:388:37)
Build info: version: &apos;3.141.59&apos;, revision: &apos;e82be7d358&apos;, time: &apos;2018-11-14T08:17:03&apos;
System info: host: &apos;mohammedathera&apos;, ip: &apos;127.0.1.1&apos;, os.name: &apos;Linux&apos;, os.arch: &apos;amd64&apos;, os.version: &apos;5.2.17-1rodete3-amd64&apos;, java.version: &apos;1.8.0_232&apos;
Driver info: driver.version: AppiumDriver
	at io.appium.java_client.remote.AppiumCommandExecutor$1.createSession(AppiumCommandExecutor.java:208)
	at io.appium.java_client.remote.AppiumCommandExecutor.createSession(AppiumCommandExecutor.java:217)
	at io.appium.java_client.remote.AppiumCommandExecutor.execute(AppiumCommandExecutor.java:239)
	at org.openqa.selenium.remote.RemoteWebDriver.execute(RemoteWebDriver.java:552)
	at io.appium.java_client.DefaultGenericMobileDriver.execute(DefaultGenericMobileDriver.java:41)
	at io.appium.java_client.AppiumDriver.execute(AppiumDriver.java:1)
	at org.openqa.selenium.remote.RemoteWebDriver.startSession(RemoteWebDriver.java:213)
	at io.appium.java_client.AppiumDriver.startSession(AppiumDriver.java:336)
	at org.openqa.selenium.remote.RemoteWebDriver.&lt;init&gt;(RemoteWebDriver.java:131)
	at io.appium.java_client.DefaultGenericMobileDriver.&lt;init&gt;(DefaultGenericMobileDriver.java:37)
	at io.appium.java_client.AppiumDriver.&lt;init&gt;(AppiumDriver.java:88)
	at io.appium.java_client.AppiumDriver.&lt;init&gt;(AppiumDriver.java:98)
	at Test_Scripts.Calculator_testcase.setup(Calculator_testcase.java:44)
	at io.appium.java_client.remote.AppiumCommandExecutor$1.createSession(AppiumCommandExecutor.java:186)
	... 40 more
Caused by: org.openqa.selenium.WebDriverException: An unknown server-side error occurred while processing the command. Original error: Could not find &apos;adb&apos; in [&quot;/home/mohammedathera/Android/sdk/platform-tools/platform-tools/adb&quot;,&quot;/home/mohammedathera/Android/sdk/platform-tools/emulator/adb&quot;,&quot;/home/mohammedathera/Android/sdk/platform-tools/tools/adb&quot;,&quot;/home/mohammedathera/Android/sdk/platform-tools/tools/bin/adb&quot;]. Do you have Android Build Tools installed at &apos;/home/mohammedathera/Android/sdk/platform-tools&apos;?
Build info: version: &apos;3.141.59&apos;, revision: &apos;e82be7d358&apos;, time: &apos;2018-11-14T08:17:03&apos;
System info: host: &apos;mohammedathera&apos;, ip: &apos;127.0.1.1&apos;, os.name: &apos;Linux&apos;, os.arch: &apos;amd64&apos;, os.version: &apos;5.2.17-1rodete3-amd64&apos;, java.version: &apos;1.8.0_232&apos;
Driver info: driver.version: AppiumDriver
remote stacktrace: UnknownError: An unknown server-side error occurred while processing the command. Original error: Could not find &apos;adb&apos; in [&quot;/home/mohammedathera/Android/sdk/platform-tools/platform-tools/adb&quot;,&quot;/home/mohammedathera/Android/sdk/platform-tools/emulator/adb&quot;,&quot;/home/mohammedathera/Android/sdk/platform-tools/tools/adb&quot;,&quot;/home/mohammedathera/Android/sdk/platform-tools/tools/bin/adb&quot;]. Do you have Android Build Tools installed at &apos;/home/mohammedathera/Android/sdk/platform-tools&apos;?
    at getResponseForW3CError (/home/mohammedathera/.npm-packages/lib/node_modules/appium/node_modules/appium-base-driver/lib/protocol/errors.js:804:9)
    at asyncHandler (/home/mohammedathera/.npm-packages/lib/node_modules/appium/node_modules/appium-base-driver/lib/protocol/protocol.js:388:37)
	at org.openqa.selenium.remote.W3CHandshakeResponse.lambda$errorHandler$0(W3CHandshakeResponse.java:62)
	at org.openqa.selenium.remote.HandshakeResponse.lambda$getResponseFunction$0(HandshakeResponse.java:30)
	at org.openqa.selenium.remote.ProtocolHandshake.lambda$createSession$0(ProtocolHandshake.java:126)
	at java.util.stream.ReferencePipeline$3$1.accept(ReferencePipeline.java:193)
	at java.util.Spliterators$ArraySpliterator.tryAdvance(Spliterators.java:958)
	at java.util.stream.ReferencePipeline.forEachWithCancel(ReferencePipeline.java:126)
	at java.util.stream.AbstractPipeline.copyIntoWithCancel(AbstractPipeline.java:499)
	at java.util.stream.AbstractPipeline.copyInto(AbstractPipeline.java:486)
	at java.util.stream.AbstractPipeline.wrapAndCopyInto(AbstractPipeline.java:472)
	at java.util.stream.FindOps$FindOp.evaluateSequential(FindOps.java:152)
	at java.util.stream.AbstractPipeline.evaluate(AbstractPipeline.java:234)
	at java.util.stream.ReferencePipeline.findFirst(ReferencePipeline.java:531)
	at org.openqa.selenium.remote.ProtocolHandshake.createSession(ProtocolHandshake.java:128)
	... 45 more
... Removed 37 stack frames</div></td></tr></table><p class="totop"><a href="#summary">back to summary</a></p>
<h3 id="m1">Test_Scripts.Calculator_testcase#appclose</h3><table class="result"><tr><th class="invisible"/></tr></table><p class="totop"><a href="#summary">back to summary</a></p>
<h3 id="m2">Test_Scripts.Calculator_testcase#sum</h3><table class="result"><tr><th>Exception</th></tr><tr><td><div class="stacktrace">org.openqa.selenium.SessionNotCreatedException: Unable to create a new remote session. Please check the server log for more details. Original error: An unknown server-side error occurred while processing the command. Original error: Could not find &apos;adb&apos; in [&quot;/home/mohammedathera/Android/sdk/platform-tools/platform-tools/adb&quot;,&quot;/home/mohammedathera/Android/sdk/platform-tools/emulator/adb&quot;,&quot;/home/mohammedathera/Android/sdk/platform-tools/tools/adb&quot;,&quot;/home/mohammedathera/Android/sdk/platform-tools/tools/bin/adb&quot;]. Do you have Android Build Tools installed at &apos;/home/mohammedathera/Android/sdk/platform-tools&apos;?
Build info: version: &apos;3.141.59&apos;, revision: &apos;e82be7d358&apos;, time: &apos;2018-11-14T08:17:03&apos;
System info: host: &apos;mohammedathera&apos;, ip: &apos;127.0.1.1&apos;, os.name: &apos;Linux&apos;, os.arch: &apos;amd64&apos;, os.version: &apos;5.2.17-1rodete3-amd64&apos;, java.version: &apos;1.8.0_232&apos;
Driver info: driver.version: AppiumDriver
remote stacktrace: UnknownError: An unknown server-side error occurred while processing the command. Original error: Could not find &apos;adb&apos; in [&quot;/home/mohammedathera/Android/sdk/platform-tools/platform-tools/adb&quot;,&quot;/home/mohammedathera/Android/sdk/platform-tools/emulator/adb&quot;,&quot;/home/mohammedathera/Android/sdk/platform-tools/tools/adb&quot;,&quot;/home/mohammedathera/Android/sdk/platform-tools/tools/bin/adb&quot;]. Do you have Android Build Tools installed at &apos;/home/mohammedathera/Android/sdk/platform-tools&apos;?
    at getResponseForW3CError (/home/mohammedathera/.npm-packages/lib/node_modules/appium/node_modules/appium-base-driver/lib/protocol/errors.js:804:9)
    at asyncHandler (/home/mohammedathera/.npm-packages/lib/node_modules/appium/node_modules/appium-base-driver/lib/protocol/protocol.js:388:37)
Build info: version: &apos;3.141.59&apos;, revision: &apos;e82be7d358&apos;, time: &apos;2018-11-14T08:17:03&apos;
System info: host: &apos;mohammedathera&apos;, ip: &apos;127.0.1.1&apos;, os.name: &apos;Linux&apos;, os.arch: &apos;amd64&apos;, os.version: &apos;5.2.17-1rodete3-amd64&apos;, java.version: &apos;1.8.0_232&apos;
Driver info: driver.version: AppiumDriver
	at io.appium.java_client.remote.AppiumCommandExecutor$1.createSession(AppiumCommandExecutor.java:208)
	at io.appium.java_client.remote.AppiumCommandExecutor.createSession(AppiumCommandExecutor.java:217)
	at io.appium.java_client.remote.AppiumCommandExecutor.execute(AppiumCommandExecutor.java:239)
	at org.openqa.selenium.remote.RemoteWebDriver.execute(RemoteWebDriver.java:552)
	at io.appium.java_client.DefaultGenericMobileDriver.execute(DefaultGenericMobileDriver.java:41)
	at io.appium.java_client.AppiumDriver.execute(AppiumDriver.java:1)
	at org.openqa.selenium.remote.RemoteWebDriver.startSession(RemoteWebDriver.java:213)
	at io.appium.java_client.AppiumDriver.startSession(AppiumDriver.java:336)
	at org.openqa.selenium.remote.RemoteWebDriver.&lt;init&gt;(RemoteWebDriver.java:131)
	at io.appium.java_client.DefaultGenericMobileDriver.&lt;init&gt;(DefaultGenericMobileDriver.java:37)
	at io.appium.java_client.AppiumDriver.&lt;init&gt;(AppiumDriver.java:88)
	at io.appium.java_client.AppiumDriver.&lt;init&gt;(AppiumDriver.java:98)
	at Test_Scripts.Calculator_testcase.setup(Calculator_testcase.java:44)
	at io.appium.java_client.remote.AppiumCommandExecutor$1.createSession(AppiumCommandExecutor.java:186)
	... 40 more
Caused by: org.openqa.selenium.WebDriverException: An unknown server-side error occurred while processing the command. Original error: Could not find &apos;adb&apos; in [&quot;/home/mohammedathera/Android/sdk/platform-tools/platform-tools/adb&quot;,&quot;/home/mohammedathera/Android/sdk/platform-tools/emulator/adb&quot;,&quot;/home/mohammedathera/Android/sdk/platform-tools/tools/adb&quot;,&quot;/home/mohammedathera/Android/sdk/platform-tools/tools/bin/adb&quot;]. Do you have Android Build Tools installed at &apos;/home/mohammedathera/Android/sdk/platform-tools&apos;?
Build info: version: &apos;3.141.59&apos;, revision: &apos;e82be7d358&apos;, time: &apos;2018-11-14T08:17:03&apos;
System info: host: &apos;mohammedathera&apos;, ip: &apos;127.0.1.1&apos;, os.name: &apos;Linux&apos;, os.arch: &apos;amd64&apos;, os.version: &apos;5.2.17-1rodete3-amd64&apos;, java.version: &apos;1.8.0_232&apos;
Driver info: driver.version: AppiumDriver
remote stacktrace: UnknownError: An unknown server-side error occurred while processing the command. Original error: Could not find &apos;adb&apos; in [&quot;/home/mohammedathera/Android/sdk/platform-tools/platform-tools/adb&quot;,&quot;/home/mohammedathera/Android/sdk/platform-tools/emulator/adb&quot;,&quot;/home/mohammedathera/Android/sdk/platform-tools/tools/adb&quot;,&quot;/home/mohammedathera/Android/sdk/platform-tools/tools/bin/adb&quot;]. Do you have Android Build Tools installed at &apos;/home/mohammedathera/Android/sdk/platform-tools&apos;?
    at getResponseForW3CError (/home/mohammedathera/.npm-packages/lib/node_modules/appium/node_modules/appium-base-driver/lib/protocol/errors.js:804:9)
    at asyncHandler (/home/mohammedathera/.npm-packages/lib/node_modules/appium/node_modules/appium-base-driver/lib/protocol/protocol.js:388:37)
	at org.openqa.selenium.remote.W3CHandshakeResponse.lambda$errorHandler$0(W3CHandshakeResponse.java:62)
	at org.openqa.selenium.remote.HandshakeResponse.lambda$getResponseFunction$0(HandshakeResponse.java:30)
	at org.openqa.selenium.remote.ProtocolHandshake.lambda$createSession$0(ProtocolHandshake.java:126)
	at java.util.stream.ReferencePipeline$3$1.accept(ReferencePipeline.java:193)
	at java.util.Spliterators$ArraySpliterator.tryAdvance(Spliterators.java:958)
	at java.util.stream.ReferencePipeline.forEachWithCancel(ReferencePipeline.java:126)
	at java.util.stream.AbstractPipeline.copyIntoWithCancel(AbstractPipeline.java:499)
	at java.util.stream.AbstractPipeline.copyInto(AbstractPipeline.java:486)
	at java.util.stream.AbstractPipeline.wrapAndCopyInto(AbstractPipeline.java:472)
	at java.util.stream.FindOps$FindOp.evaluateSequential(FindOps.java:152)
	at java.util.stream.AbstractPipeline.evaluate(AbstractPipeline.java:234)
	at java.util.stream.ReferencePipeline.findFirst(ReferencePipeline.java:531)
	at org.openqa.selenium.remote.ProtocolHandshake.createSession(ProtocolHandshake.java:128)
	... 45 more
... Removed 37 stack frames</div></td></tr></table><p class="totop"><a href="#summary">back to summary</a></p>
</body>
</html>
